Determining if the pthread_create exist failed with the following output:
Change Dir: /home/a/catkin_qt/build/CMakeFiles/CMakeTmp

Run Build Command:"/usr/bin/make" "cmTC_35bf7/fast"
/usr/bin/make -f CMakeFiles/cmTC_35bf7.dir/build.make CMakeFiles/cmTC_35bf7.dir/build
make[1]: Entering directory '/home/a/catkin_qt/build/CMakeFiles/CMakeTmp'
Building C object CMakeFiles/cmTC_35bf7.dir/CheckSymbolExists.c.o
/usr/bin/cc     -o CMakeFiles/cmTC_35bf7.dir/CheckSymbolExists.c.o   -c /home/a/catkin_qt/build/CMakeFiles/CMakeTmp/CheckSymbolExists.c
Linking C executable cmTC_35bf7
/usr/bin/cmake -E cmake_link_script CMakeFiles/cmTC_35bf7.dir/link.txt --verbose=1
/usr/bin/cc       CMakeFiles/cmTC_35bf7.dir/CheckSymbolExists.c.o  -o cmTC_35bf7 -rdynamic 
CMakeFiles/cmTC_35bf7.dir/CheckSymbolExists.c.o: In function `main':
CheckSymbolExists.c:(.text+0x16): undefined reference to `pthread_create'
collect2: error: ld returned 1 exit status
CMakeFiles/cmTC_35bf7.dir/build.make:97: recipe for target 'cmTC_35bf7' failed
make[1]: *** [cmTC_35bf7] Error 1
make[1]: Leaving directory '/home/a/catkin_qt/build/CMakeFiles/CMakeTmp'
Makefile:126: recipe for target 'cmTC_35bf7/fast' failed
make: *** [cmTC_35bf7/fast] Error 2

File /home/a/catkin_qt/build/CMakeFiles/CMakeTmp/CheckSymbolExists.c:
/* */
#include <pthread.h>

int main(int argc, char** argv)
{
  (void)argv;
#ifndef pthread_create
  return ((int*)(&pthread_create))[argc];
#else
  (void)argc;
  return 0;
#endif
}

Determining if the function pthread_create exists in the pthreads failed with the following output:
Change Dir: /home/a/catkin_qt/build/CMakeFiles/CMakeTmp

Run Build Command:"/usr/bin/make" "cmTC_aab1e/fast"
/usr/bin/make -f CMakeFiles/cmTC_aab1e.dir/build.make CMakeFiles/cmTC_aab1e.dir/build
make[1]: Entering directory '/home/a/catkin_qt/build/CMakeFiles/CMakeTmp'
Building C object CMakeFiles/cmTC_aab1e.dir/CheckFunctionExists.c.o
/usr/bin/cc    -DCHECK_FUNCTION_EXISTS=pthread_create   -o CMakeFiles/cmTC_aab1e.dir/CheckFunctionExists.c.o   -c /usr/share/cmake-3.5/Modules/CheckFunctionExists.c
Linking C executable cmTC_aab1e
/usr/bin/cmake -E cmake_link_script CMakeFiles/cmTC_aab1e.dir/link.txt --verbose=1
/usr/bin/cc   -DCHECK_FUNCTION_EXISTS=pthread_create    CMakeFiles/cmTC_aab1e.dir/CheckFunctionExists.c.o  -o cmTC_aab1e -rdynamic -lpthreads 
/usr/bin/ld: cannot find -lpthreads
collect2: error: ld returned 1 exit status
CMakeFiles/cmTC_aab1e.dir/build.make:97: recipe for target 'cmTC_aab1e' failed
make[1]: *** [cmTC_aab1e] Error 1
make[1]: Leaving directory '/home/a/catkin_qt/build/CMakeFiles/CMakeTmp'
Makefile:126: recipe for target 'cmTC_aab1e/fast' failed
make: *** [cmTC_aab1e/fast] Error 2


Determining if the Q_WS_WIN exist failed with the following output:
Change Dir: /home/a/catkin_qt/build/CMakeFiles/CMakeTmp

Run Build Command:"/usr/bin/make" "cmTC_ab5c2/fast"
/usr/bin/make -f CMakeFiles/cmTC_ab5c2.dir/build.make CMakeFiles/cmTC_ab5c2.dir/build
make[1]: Entering directory '/home/a/catkin_qt/build/CMakeFiles/CMakeTmp'
Building CXX object CMakeFiles/cmTC_ab5c2.dir/CheckSymbolExists.cxx.o
/usr/bin/c++    -I/usr/include/qt4   -o CMakeFiles/cmTC_ab5c2.dir/CheckSymbolExists.cxx.o -c /home/a/catkin_qt/build/CMakeFiles/CMakeTmp/CheckSymbolExists.cxx
/home/a/catkin_qt/build/CMakeFiles/CMakeTmp/CheckSymbolExists.cxx: In function 'int main(int, char**)':
/home/a/catkin_qt/build/CMakeFiles/CMakeTmp/CheckSymbolExists.cxx:8:19: error: 'Q_WS_WIN' was not declared in this scope
   return ((int*)(&Q_WS_WIN))[argc];
                   ^
CMakeFiles/cmTC_ab5c2.dir/build.make:65: recipe for target 'CMakeFiles/cmTC_ab5c2.dir/CheckSymbolExists.cxx.o' failed
make[1]: *** [CMakeFiles/cmTC_ab5c2.dir/CheckSymbolExists.cxx.o] Error 1
make[1]: Leaving directory '/home/a/catkin_qt/build/CMakeFiles/CMakeTmp'
Makefile:126: recipe for target 'cmTC_ab5c2/fast' failed
make: *** [cmTC_ab5c2/fast] Error 2

File /home/a/catkin_qt/build/CMakeFiles/CMakeTmp/CheckSymbolExists.cxx:
/* */
#include <QtCore/qglobal.h>

int main(int argc, char** argv)
{
  (void)argv;
#ifndef Q_WS_WIN
  return ((int*)(&Q_WS_WIN))[argc];
#else
  (void)argc;
  return 0;
#endif
}

Determining if the Q_WS_QWS exist failed with the following output:
Change Dir: /home/a/catkin_qt/build/CMakeFiles/CMakeTmp

Run Build Command:"/usr/bin/make" "cmTC_eef8f/fast"
/usr/bin/make -f CMakeFiles/cmTC_eef8f.dir/build.make CMakeFiles/cmTC_eef8f.dir/build
make[1]: Entering directory '/home/a/catkin_qt/build/CMakeFiles/CMakeTmp'
Building CXX object CMakeFiles/cmTC_eef8f.dir/CheckSymbolExists.cxx.o
/usr/bin/c++    -I/usr/include/qt4   -o CMakeFiles/cmTC_eef8f.dir/CheckSymbolExists.cxx.o -c /home/a/catkin_qt/build/CMakeFiles/CMakeTmp/CheckSymbolExists.cxx
/home/a/catkin_qt/build/CMakeFiles/CMakeTmp/CheckSymbolExists.cxx: In function 'int main(int, char**)':
/home/a/catkin_qt/build/CMakeFiles/CMakeTmp/CheckSymbolExists.cxx:8:19: error: 'Q_WS_QWS' was not declared in this scope
   return ((int*)(&Q_WS_QWS))[argc];
                   ^
CMakeFiles/cmTC_eef8f.dir/build.make:65: recipe for target 'CMakeFiles/cmTC_eef8f.dir/CheckSymbolExists.cxx.o' failed
make[1]: *** [CMakeFiles/cmTC_eef8f.dir/CheckSymbolExists.cxx.o] Error 1
make[1]: Leaving directory '/home/a/catkin_qt/build/CMakeFiles/CMakeTmp'
Makefile:126: recipe for target 'cmTC_eef8f/fast' failed
make: *** [cmTC_eef8f/fast] Error 2

File /home/a/catkin_qt/build/CMakeFiles/CMakeTmp/CheckSymbolExists.cxx:
/* */
#include <QtCore/qglobal.h>

int main(int argc, char** argv)
{
  (void)argv;
#ifndef Q_WS_QWS
  return ((int*)(&Q_WS_QWS))[argc];
#else
  (void)argc;
  return 0;
#endif
}

Determining if the Q_WS_MAC exist failed with the following output:
Change Dir: /home/a/catkin_qt/build/CMakeFiles/CMakeTmp

Run Build Command:"/usr/bin/make" "cmTC_862c2/fast"
/usr/bin/make -f CMakeFiles/cmTC_862c2.dir/build.make CMakeFiles/cmTC_862c2.dir/build
make[1]: Entering directory '/home/a/catkin_qt/build/CMakeFiles/CMakeTmp'
Building CXX object CMakeFiles/cmTC_862c2.dir/CheckSymbolExists.cxx.o
/usr/bin/c++    -I/usr/include/qt4   -o CMakeFiles/cmTC_862c2.dir/CheckSymbolExists.cxx.o -c /home/a/catkin_qt/build/CMakeFiles/CMakeTmp/CheckSymbolExists.cxx
/home/a/catkin_qt/build/CMakeFiles/CMakeTmp/CheckSymbolExists.cxx: In function 'int main(int, char**)':
/home/a/catkin_qt/build/CMakeFiles/CMakeTmp/CheckSymbolExists.cxx:8:19: error: 'Q_WS_MAC' was not declared in this scope
   return ((int*)(&Q_WS_MAC))[argc];
                   ^
CMakeFiles/cmTC_862c2.dir/build.make:65: recipe for target 'CMakeFiles/cmTC_862c2.dir/CheckSymbolExists.cxx.o' failed
make[1]: *** [CMakeFiles/cmTC_862c2.dir/CheckSymbolExists.cxx.o] Error 1
make[1]: Leaving directory '/home/a/catkin_qt/build/CMakeFiles/CMakeTmp'
Makefile:126: recipe for target 'cmTC_862c2/fast' failed
make: *** [cmTC_862c2/fast] Error 2

File /home/a/catkin_qt/build/CMakeFiles/CMakeTmp/CheckSymbolExists.cxx:
/* */
#include <QtCore/qglobal.h>

int main(int argc, char** argv)
{
  (void)argv;
#ifndef Q_WS_MAC
  return ((int*)(&Q_WS_MAC))[argc];
#else
  (void)argc;
  return 0;
#endif
}

